a[]: 
y array: 
Total: 
(2.36988e-13,0)
(0.000728266,0)
(0.000187993,0)
(7.18002e-05,0)
(0.000237875,0)
(0.000349639,0)
(0.000802119,0)
(0.00118871,0)
(0.000950154,0)
(0.000422991,0)
(4096,0)
(0.000315156,0)
(0.000474427,0)
(0.000655842,0)
(0.000458098,0)
(0.000579197,0)
(8.30116e-05,0)
(0.000605841,0)
(0.000926907,0)
(0.000239936,0)
(3584,0)
(0.000148438,0)
(0.00028219,0)
(0.000431066,0)
(0.000613771,0)
(0.000218417,0)
(0.000714153,0)
(0.000457738,0)
(0.000287098,0)
(0.00034046,0)
(0.000742717,0)
(4.20008e-05,0)
(0.000281494,0)
(0.000326141,0)
(4.50683e-05,0)
(1536,0)
(0.000814657,0)
(0.000510694,0)
(0.000177741,0)
(0.000262153,0)
(0.000119832,0)
(1.83581e-05,0)
(0.000432531,0)
(0.00024516,0)
(0.000508077,0)
(0.000538625,0)
(0.000199982,0)
(0.000327716,0)
(9.95495e-05,0)
(0.000383587,0)
(1024,0)
(0.000214718,0)
(0.000313555,0)
(0.000331699,0)
(0.000134317,0)
(0.000884691,0)
(0.00047359,0)
(0.000392881,0)
(0.00046953,0)
(0.000313222,0)
(3072,0)
(0.000203119,0)
(0.001072,0)
(0.000339421,0)
(0.000407307,0)
(0.00093366,0)
(0.000321138,0)
(0.000352299,0)
(0.000280536,0)
(0.000788227,0)
(0.000117373,0)
(0.000108415,0)
(0.00102183,0)
(0.000533134,0)
(0.000569117,0)
(0.000375267,0)
(0.000715845,0)
(0.000711112,0)
(0.00052795,0)
(0.000550596,0)
(0.000180483,0)
(0.000391303,0)
(0.000311057,0)
(0.000172723,0)
(2.0384e-05,0)
(0.000313316,0)
(0.000143422,0)
(0.000104754,0)
(0.000558627,0)
(4.3339e-05,0)
(0.000294847,0)
(0.000455875,0)
(6.74197e-05,0)
(0.000275062,0)
(0.000536831,0)
(0.0001378,0)
(0.00069926,0)
(0.000278381,0)
(0.000565486,0)
(5.72198e-05,0)
(0.000726699,0)
(0.000168947,0)
(0.000121579,0)
(0.000828011,0)
(0.000131455,0)
(0.000280719,0)
(0.000704579,0)
(0.000506867,0)
(0.00104892,0)
(0.00022581,0)
(0.000834235,0)
(0.000854541,0)
(0.000193411,0)
(0.000661717,0)
(0.000360503,0)
(0.000942956,0)
(5.03811e-05,0)
(0.00117404,0)
(6.1606e-05,0)
(0.000314358,0)
(9.96738e-05,0)
(0.000721896,0)
(0.000354646,0)
(0.000283185,0)
(0.000178114,0)
(0.00105768,0)
(0.000472704,0)
(0.000424731,0)
(0.00116665,0)
(0.000228461,0)
(0.000277964,0)
(0.000308042,0)
(1.82737e-06,0)
(3.52039e-05,0)
(0.000479593,0)
(0.000679002,0)
(0.000151533,0)
(0.000732023,0)
(0.000972843,0)
(0.000620408,0)
(0.000354687,0)
(0.000391742,0)
(0.000572691,0)
(4.20886e-06,0)
(0.000573022,0)
(0.00037176,0)
(0.000538303,0)
(0.000842203,0)
(6.667e-05,0)
(0.000430468,0)
(3.98933e-05,0)
(0.000368333,0)
(0.000600251,0)
(8.41004e-05,0)
(2.41721e-05,0)
(0.000704566,0)
(2.28097e-05,0)
(7.82244e-05,0)
(0.000717234,0)
(2.75352e-05,0)
(0.000316337,0)
(3.4484e-05,0)
(0.000340044,0)
(0.000337222,0)
(0.000573092,0)
(0.000683862,0)
(0.000392799,0)
(0.000142561,0)
(0.000103939,0)
(0.000224719,0)
(0.00050269,0)
(0.000365297,0)
(5.39582e-05,0)
(0.000184058,0)
(0.000200609,0)
(0.000127175,0)
(0.000626781,0)
(0.000228046,0)
(0.000446486,0)
(0.000616643,0)
(9.97961e-05,0)
(0.00053782,0)
(0.000234003,0)
(0.000143786,0)
(0.000835838,0)
(0.000374032,0)
(0.000368769,0)
(0.000785521,0)
(0.000353797,0)
(0.000585392,0)
(0.000870871,0)
(0.000774043,0)
(0.000547393,0)
(0.000561134,0)
(0.000772048,0)
(0.000745749,0)
(0.000269186,0)
(0.000487762,0)
(8.43999e-05,0)
(0.000593453,0)
(0.000870178,0)
(0.00107641,0)
(0.000564105,0)
(0.000953122,0)
(1.97976e-05,0)
(0.000574114,0)
(0.000226297,0)
(7.16781e-05,0)
(4.66494e-06,0)
(0.000242154,0)
(0.000402732,0)
(0.000936269,0)
(0.000128546,0)
(0.000294565,0)
(0.000181033,0)
(0.00020304,0)
(0.000314078,0)
(0.000355207,0)
(4.95391e-05,0)
(0.000336006,0)
(0.000103975,0)
(0.000111711,0)
(0.000212187,0)
(0.000646958,0)
(7.2176e-06,0)
(0.000116487,0)
(0.000394985,0)
(0.000299179,0)
(0.000200326,0)
(0.000188383,0)
(0.000161593,0)
(0.000882649,0)
(0.000129003,0)
(0.000752239,0)
(0.000466919,0)
(0.000367505,0)
(0.000429446,0)
(0.000208707,0)
(4.85907e-05,0)
(7.26151e-05,0)
(0.000777053,0)
(0.000603949,0)
(0.000295731,0)
(6.77235e-05,0)
(0.000392163,0)
(0.000487312,0)
(0.000300729,0)
(0.000158278,0)
(5.28034e-05,0)
(0.000380245,0)
(0.000903241,0)
(0.000529849,0)
(0.000446475,0)
(0.000652434,0)
(9.02462e-05,0)
(0.000472666,0)
(0.0003408,0)
(0.000154479,0)
(0.000337142,0)
(0.000205641,0)
(6.97877e-05,0)
(0.000186937,0)
(9.99763e-06,0)
(6.72191e-05,0)
(0.000689581,0)
(0.000207907,0)
(0.000880796,0)
(7.14559e-05,0)
(0.000934902,0)
(0.00047577,0)
(0.000952643,0)
(0.00139756,0)
(0.000227768,0)
(0.000706325,0)
(0.000681352,0)
(0.000191508,0)
(0.000258224,0)
(7.13586e-05,0)
(0.000679113,0)
(0.00067453,0)
(0.00147545,0)
(0.00137949,0)
(8.73866e-05,0)
(8.21219e-05,0)
(0.000337831,0)
(0.000423315,0)
(0.000597444,0)
(0.000203782,0)
(0.000213322,0)
(0.000713406,0)
(0.0010755,0)
(0.000104148,0)
(0.000172355,0)
(0.000912576,0)
(0.000136051,0)
(0.000299292,0)
(0.000607686,0)
(0.000231342,0)
(0.000481299,0)
(0.000190054,0)
(0.000449635,0)
(0.000617241,0)
(0.000270884,0)
(0.000734682,0)
(0.000126631,0)
(0.00015491,0)
(0.000118158,0)
(0.000549105,0)
(0.000629816,0)
(7.25944e-05,0)
(0.000287358,0)
(0.000525095,0)
(7.69872e-05,0)
(0.000506642,0)
(0.000556385,0)
(0.000288114,0)
(0.000532614,0)
(0.000357088,0)
(0.000170588,0)
(0.000248272,0)
(0.000519471,0)
(0.00150732,0)
(0.000830794,0)
(0.000405879,0)
(0.000627942,0)
(0.000263944,0)
(0.000167167,0)
(0.000483332,0)
(0.000585411,0)
(0.000518742,0)
(0.000478336,0)
(0.000718099,0)
(0.000738171,0)
(0.000332728,0)
(0.000290968,0)
(0.000235617,0)
(1.39167e-05,0)
(7.94504e-05,0)
(0.0010411,0)
(0.000169692,0)
(0.000421471,0)
(0.000616395,0)
(1.53416e-05,0)
(0.000563812,0)
(0.000109369,0)
(0.000961643,0)
(0.00031208,0)
(0.00036388,0)
(0.000664152,0)
(0.000576099,0)
(0.000263738,0)
(0.0003524,0)
(0.000357954,0)
(0.000306625,0)
(9.7116e-05,0)
(0.00144753,0)
(0.000605922,0)
(0.000208598,0)
(0.000246805,0)
(4.64551e-05,0)
(0.00107629,0)
(0.000729069,0)
(0.000300686,0)
(0.000829141,0)
(6.97251e-05,0)
(0.000732215,0)
(0.000624159,0)
(0.000318186,0)
(4.52479e-05,0)
(0.000402129,0)
(0.00115903,0)
(0.000529083,0)
(0.00074564,0)
(5.78234e-05,0)
(0.000274291,0)
(0.000418355,0)
(0.000237733,0)
(2.71722e-05,0)
(0.000168069,0)
(0.000249122,0)
(0.000247548,0)
(0.000588335,0)
(0.0001912,0)
(0.00068748,0)
(0.000488954,0)
(0.000495464,0)
(0.000144738,0)
(0.000597195,0)
(0.000370201,0)
(0.000480858,0)
(0.000311569,0)
(0.00149029,0)
(0.000709236,0)
(0.000889569,0)
(1.27576e-05,0)
(0.000339237,0)
(0.000315581,0)
(0.000888321,0)
(0.000239127,0)
(0.00060967,0)
(0.000197209,0)
(0.00085161,0)
(0.000345969,0)
(7.91691e-05,0)
(0.000998113,0)
(0.000448319,0)
(0.000584986,0)
(0.000302487,0)
(0.000184184,0)
(0.00015901,0)
(0.000885508,0)
(0.000451956,0)
(0.000185782,0)
(0.000344873,0)
(0.000767339,0)
(0.000148075,0)
(0.000336398,0)
(0.000347217,0)
(0.000626358,0)
(8.95644e-05,0)
(0.000698464,0)
(0.000508556,0)
(0.000132046,0)
(0.000143253,0)
(0.000110588,0)
(0.000664057,0)
(0.00113156,0)
(0.00021418,0)
(0.000213117,0)
(0.000553888,0)
(7.67438e-05,0)
(0.000645738,0)
(0.000557263,0)
(7.94967e-05,0)
(0.000587989,0)
(0.000504052,0)
(0.00060364,0)
(0.000270823,0)
(0.000484799,0)
(0.000500029,0)
(0.000411772,0)
(0.00025658,0)
(0.000531221,0)
(0.000314206,0)
(0.000284531,0)
(9.24788e-05,0)
(0.000441513,0)
(0.00027351,0)
(0.000480616,0)
(6.92286e-05,0)
(0.000141749,0)
(0.000304748,0)
(7.39701e-05,0)
(0.000478313,0)
(0.000921066,0)
(0.000140053,0)
(0.000679519,0)
(0.000282391,0)
(7.40288e-05,0)
(0.000478352,0)
(0.000143676,0)
(0.000196011,0)
(0.000483774,0)
(0.000297263,0)
(0.000410622,0)
(0.000316116,0)
(0.000535322,0)
(0.000595694,0)
(2.79155e-05,0)
(0.000220571,0)
(0.000521897,0)
(0.000279909,0)
(0.000123711,0)
(0.000297308,0)
(0.000956552,0)
(4.2161e-05,0)
(0.00129444,0)
(0.000563243,0)
(0.000355421,0)
(0.000342755,0)
(0.000704758,0)
(0.000794027,0)
(0.000294727,0)
(0.000464993,0)
(0.00094876,0)
(8.87786e-06,0)
(0.000539784,0)
(8.60308e-06,0)
(3.15066e-05,0)
(0.000411189,0)
(5.1546e-05,0)
(0.000496226,0)
(0.000143345,0)
(0.000657748,0)
(0.000283243,0)
(0.000421318,0)
(0.000405209,0)
(7.51602e-05,0)
(0.000541672,0)
(0.00107659,0)
(0.00053258,0)
(0.000397508,0)
(0.00030471,0)
(8.35608e-05,0)
(0.000837151,0)
(0.000551375,0)
(0.000369158,0)
(1.76731e-05,0)
(0.000458255,0)
(0.000337743,0)
(0.000146394,0)
(0.000582835,0)
Normal Total: 
(4096,0)
(4096,0)
(4096,0)
(4096,0)
(4096,0)
(3584,0)
(3584,0)
(3584,0)
(3584,0)
(3584,0)
(1536,0)
(1536,0)
(1536,0)
(1536,0)
(1536,0)
(1024,0)
(1024,0)
(1024,0)
(1024,0)
(1024,0)
(3072,0)
(3072,0)
(3072,0)
(3072,0)
(3072,0)
